mode: set
github.com/kleio-build/kleio-github/app.go:37.47,42.2 1 0
github.com/kleio-build/kleio-github/app.go:60.143,63.46 2 0
github.com/kleio-build/kleio-github/app.go:63.46,65.38 2 0
github.com/kleio-build/kleio-github/app.go:65.38,67.4 1 0
github.com/kleio-build/kleio-github/app.go:68.3,68.27 1 0
github.com/kleio-build/kleio-github/app.go:71.2,78.16 3 0
github.com/kleio-build/kleio-github/app.go:78.16,80.3 1 0
github.com/kleio-build/kleio-github/app.go:81.2,84.16 3 0
github.com/kleio-build/kleio-github/app.go:84.16,86.3 1 0
github.com/kleio-build/kleio-github/app.go:87.2,89.38 2 0
github.com/kleio-build/kleio-github/app.go:89.38,92.3 2 0
github.com/kleio-build/kleio-github/app.go:94.2,95.67 2 0
github.com/kleio-build/kleio-github/app.go:95.67,97.3 1 0
github.com/kleio-build/kleio-github/app.go:99.2,104.26 2 0
github.com/kleio-build/kleio-github/auth.go:37.48,47.2 1 0
github.com/kleio-build/kleio-github/auth.go:50.54,52.2 1 0
github.com/kleio-build/kleio-github/auth.go:65.90,67.16 2 0
github.com/kleio-build/kleio-github/auth.go:67.16,69.3 1 0
github.com/kleio-build/kleio-github/auth.go:71.2,72.16 2 0
github.com/kleio-build/kleio-github/auth.go:72.16,74.3 1 0
github.com/kleio-build/kleio-github/auth.go:76.2,80.8 1 0
github.com/kleio-build/kleio-github/auth.go:85.104,88.16 3 0
github.com/kleio-build/kleio-github/auth.go:88.16,90.3 1 0
github.com/kleio-build/kleio-github/auth.go:91.2,91.22 1 0
github.com/kleio-build/kleio-github/auth.go:95.72,97.16 2 0
github.com/kleio-build/kleio-github/auth.go:97.16,99.3 1 0
github.com/kleio-build/kleio-github/auth.go:100.2,104.16 4 0
github.com/kleio-build/kleio-github/auth.go:104.16,106.3 1 0
github.com/kleio-build/kleio-github/auth.go:107.2,109.38 2 0
github.com/kleio-build/kleio-github/auth.go:109.38,112.3 2 0
github.com/kleio-build/kleio-github/auth.go:114.2,115.65 2 0
github.com/kleio-build/kleio-github/auth.go:115.65,117.3 1 0
github.com/kleio-build/kleio-github/auth.go:118.2,118.19 1 0
github.com/kleio-build/kleio-github/auth.go:122.76,124.16 2 0
github.com/kleio-build/kleio-github/auth.go:124.16,126.3 1 0
github.com/kleio-build/kleio-github/auth.go:127.2,131.16 4 0
github.com/kleio-build/kleio-github/auth.go:131.16,133.3 1 0
github.com/kleio-build/kleio-github/auth.go:134.2,136.38 2 0
github.com/kleio-build/kleio-github/auth.go:136.38,139.3 2 0
github.com/kleio-build/kleio-github/auth.go:141.2,142.65 2 0
github.com/kleio-build/kleio-github/auth.go:142.65,144.3 1 0
github.com/kleio-build/kleio-github/auth.go:145.2,145.18 1 0
github.com/kleio-build/kleio-github/auth.go:149.97,152.16 3 0
github.com/kleio-build/kleio-github/auth.go:152.16,154.3 1 0
github.com/kleio-build/kleio-github/auth.go:155.2,159.16 4 0
github.com/kleio-build/kleio-github/auth.go:159.16,161.3 1 0
github.com/kleio-build/kleio-github/auth.go:162.2,164.38 2 0
github.com/kleio-build/kleio-github/auth.go:164.38,166.3 1 0
github.com/kleio-build/kleio-github/auth.go:168.2,171.71 2 0
github.com/kleio-build/kleio-github/auth.go:171.71,173.3 1 0
github.com/kleio-build/kleio-github/auth.go:174.2,174.29 1 0
github.com/kleio-build/kleio-github/auth.go:178.82,181.6 3 0
github.com/kleio-build/kleio-github/auth.go:181.6,184.17 2 0
github.com/kleio-build/kleio-github/auth.go:184.17,186.4 1 0
github.com/kleio-build/kleio-github/auth.go:187.3,188.11 2 0
github.com/kleio-build/kleio-github/auth.go:188.11,189.9 1 0
github.com/kleio-build/kleio-github/auth.go:191.3,191.9 1 0
github.com/kleio-build/kleio-github/auth.go:193.2,193.17 1 0
github.com/kleio-build/kleio-github/auth.go:197.78,200.6 3 0
github.com/kleio-build/kleio-github/auth.go:200.6,203.17 2 0
github.com/kleio-build/kleio-github/auth.go:203.17,205.4 1 0
github.com/kleio-build/kleio-github/auth.go:206.3,207.11 2 0
github.com/kleio-build/kleio-github/auth.go:207.11,208.9 1 0
github.com/kleio-build/kleio-github/auth.go:210.3,210.9 1 0
github.com/kleio-build/kleio-github/auth.go:212.2,212.17 1 0
github.com/kleio-build/kleio-github/auth.go:231.94,234.16 2 0
github.com/kleio-build/kleio-github/auth.go:234.16,236.3 1 0
github.com/kleio-build/kleio-github/auth.go:237.2,241.16 4 0
github.com/kleio-build/kleio-github/auth.go:241.16,243.3 1 0
github.com/kleio-build/kleio-github/auth.go:244.2,246.38 2 0
github.com/kleio-build/kleio-github/auth.go:246.38,248.3 1 0
github.com/kleio-build/kleio-github/auth.go:250.2,253.67 2 0
github.com/kleio-build/kleio-github/auth.go:253.67,255.3 1 0
github.com/kleio-build/kleio-github/auth.go:257.2,258.44 2 0
github.com/kleio-build/kleio-github/auth.go:258.44,260.3 1 0
github.com/kleio-build/kleio-github/auth.go:261.2,261.21 1 0
github.com/kleio-build/kleio-github/auth.go:273.79,275.16 2 0
github.com/kleio-build/kleio-github/auth.go:275.16,277.3 1 0
github.com/kleio-build/kleio-github/auth.go:278.2,282.16 4 0
github.com/kleio-build/kleio-github/auth.go:282.16,284.3 1 0
github.com/kleio-build/kleio-github/auth.go:285.2,287.38 2 0
github.com/kleio-build/kleio-github/auth.go:287.38,289.3 1 0
github.com/kleio-build/kleio-github/auth.go:291.2,292.67 2 0
github.com/kleio-build/kleio-github/auth.go:292.67,294.3 1 0
github.com/kleio-build/kleio-github/auth.go:296.2,297.27 2 0
github.com/kleio-build/kleio-github/auth.go:297.27,298.30 1 0
github.com/kleio-build/kleio-github/auth.go:298.30,300.4 1 0
github.com/kleio-build/kleio-github/auth.go:301.3,301.35 1 0
github.com/kleio-build/kleio-github/auth.go:301.35,303.4 1 0
github.com/kleio-build/kleio-github/auth.go:305.2,305.22 1 0
github.com/kleio-build/kleio-github/auth.go:333.91,338.16 3 0
github.com/kleio-build/kleio-github/auth.go:338.16,340.3 1 0
github.com/kleio-build/kleio-github/auth.go:341.2,345.16 4 0
github.com/kleio-build/kleio-github/auth.go:345.16,347.3 1 0
github.com/kleio-build/kleio-github/auth.go:348.2,351.38 3 0
github.com/kleio-build/kleio-github/auth.go:351.38,353.3 1 0
github.com/kleio-build/kleio-github/auth.go:355.2,356.54 2 0
github.com/kleio-build/kleio-github/auth.go:356.54,358.3 1 0
github.com/kleio-build/kleio-github/auth.go:359.2,359.29 1 0
github.com/kleio-build/kleio-github/auth.go:359.29,361.3 1 0
github.com/kleio-build/kleio-github/auth.go:362.2,362.21 1 0
github.com/kleio-build/kleio-github/auth.go:372.102,379.16 3 0
github.com/kleio-build/kleio-github/auth.go:379.16,381.3 1 0
github.com/kleio-build/kleio-github/auth.go:382.2,386.16 4 0
github.com/kleio-build/kleio-github/auth.go:386.16,388.3 1 0
github.com/kleio-build/kleio-github/auth.go:389.2,392.38 3 0
github.com/kleio-build/kleio-github/auth.go:392.38,394.3 1 0
github.com/kleio-build/kleio-github/auth.go:396.2,397.54 2 0
github.com/kleio-build/kleio-github/auth.go:397.54,399.3 1 0
github.com/kleio-build/kleio-github/auth.go:400.2,400.21 1 0
github.com/kleio-build/kleio-github/auth.go:403.88,405.16 2 0
github.com/kleio-build/kleio-github/auth.go:405.16,407.3 1 0
github.com/kleio-build/kleio-github/auth.go:408.2,412.16 4 0
github.com/kleio-build/kleio-github/auth.go:412.16,414.3 1 0
github.com/kleio-build/kleio-github/auth.go:415.2,417.38 2 0
github.com/kleio-build/kleio-github/auth.go:417.38,420.3 2 0
github.com/kleio-build/kleio-github/auth.go:422.2,423.66 2 0
github.com/kleio-build/kleio-github/auth.go:423.66,425.3 1 0
github.com/kleio-build/kleio-github/auth.go:426.2,426.37 1 0
github.com/kleio-build/kleio-github/strings_util.go:4.32,5.17 1 1
github.com/kleio-build/kleio-github/strings_util.go:5.17,7.3 1 1
github.com/kleio-build/kleio-github/strings_util.go:8.2,8.14 1 1
github.com/kleio-build/kleio-github/webhook.go:23.124,30.2 1 1
github.com/kleio-build/kleio-github/webhook.go:34.81,35.20 1 1
github.com/kleio-build/kleio-github/webhook.go:35.20,37.3 1 1
github.com/kleio-build/kleio-github/webhook.go:38.2,41.56 4 1
github.com/kleio-build/kleio-github/webhook.go:47.77,49.16 2 1
github.com/kleio-build/kleio-github/webhook.go:49.16,52.3 2 0
github.com/kleio-build/kleio-github/webhook.go:54.2,55.35 2 1
github.com/kleio-build/kleio-github/webhook.go:55.35,58.3 2 0
github.com/kleio-build/kleio-github/webhook.go:60.2,64.19 4 1
github.com/kleio-build/kleio-github/webhook.go:65.14,67.54 2 1
github.com/kleio-build/kleio-github/webhook.go:67.54,70.4 2 0
github.com/kleio-build/kleio-github/webhook.go:71.3,71.42 1 1
github.com/kleio-build/kleio-github/webhook.go:72.22,74.54 2 0
github.com/kleio-build/kleio-github/webhook.go:74.54,77.4 2 0
github.com/kleio-build/kleio-github/webhook.go:78.3,78.49 1 0
github.com/kleio-build/kleio-github/webhook.go:79.22,81.54 2 0
github.com/kleio-build/kleio-github/webhook.go:81.54,84.4 2 0
github.com/kleio-build/kleio-github/webhook.go:85.3,85.50 1 0
github.com/kleio-build/kleio-github/webhook.go:86.35,88.54 2 0
github.com/kleio-build/kleio-github/webhook.go:88.54,91.4 2 0
github.com/kleio-build/kleio-github/webhook.go:92.3,92.55 1 0
github.com/kleio-build/kleio-github/webhook.go:93.22,95.54 2 0
github.com/kleio-build/kleio-github/webhook.go:95.54,98.4 2 0
github.com/kleio-build/kleio-github/webhook.go:99.3,99.49 1 0
github.com/kleio-build/kleio-github/webhook.go:100.27,102.54 2 0
github.com/kleio-build/kleio-github/webhook.go:102.54,105.4 2 0
github.com/kleio-build/kleio-github/webhook.go:106.3,106.54 1 0
github.com/kleio-build/kleio-github/webhook.go:107.20,109.54 2 0
github.com/kleio-build/kleio-github/webhook.go:109.54,112.4 2 0
github.com/kleio-build/kleio-github/webhook.go:113.3,113.48 1 0
github.com/kleio-build/kleio-github/webhook.go:114.26,116.54 2 0
github.com/kleio-build/kleio-github/webhook.go:116.54,119.4 2 0
github.com/kleio-build/kleio-github/webhook.go:120.3,120.53 1 0
github.com/kleio-build/kleio-github/webhook.go:121.29,123.54 2 0
github.com/kleio-build/kleio-github/webhook.go:123.54,126.4 2 0
github.com/kleio-build/kleio-github/webhook.go:127.3,127.55 1 0
github.com/kleio-build/kleio-github/webhook.go:128.29,130.54 2 0
github.com/kleio-build/kleio-github/webhook.go:130.54,133.4 2 0
github.com/kleio-build/kleio-github/webhook.go:134.3,134.55 1 0
github.com/kleio-build/kleio-github/webhook.go:135.27,137.54 2 0
github.com/kleio-build/kleio-github/webhook.go:137.54,140.4 2 0
github.com/kleio-build/kleio-github/webhook.go:141.3,141.54 1 0
github.com/kleio-build/kleio-github/webhook.go:142.16,144.54 2 0
github.com/kleio-build/kleio-github/webhook.go:144.54,147.4 2 0
github.com/kleio-build/kleio-github/webhook.go:148.3,148.44 1 0
github.com/kleio-build/kleio-github/webhook.go:149.21,151.54 2 0
github.com/kleio-build/kleio-github/webhook.go:151.54,154.4 2 0
github.com/kleio-build/kleio-github/webhook.go:155.3,155.48 1 0
github.com/kleio-build/kleio-github/webhook.go:156.19,158.54 2 0
github.com/kleio-build/kleio-github/webhook.go:158.54,161.4 2 0
github.com/kleio-build/kleio-github/webhook.go:162.3,162.46 1 0
github.com/kleio-build/kleio-github/webhook.go:163.16,164.53 1 0
github.com/kleio-build/kleio-github/webhook.go:165.37,166.54 1 0
github.com/kleio-build/kleio-github/webhook.go:169.2,169.24 1 1
github.com/kleio-build/kleio-github/webhook.go:169.24,176.3 6 1
github.com/kleio-build/kleio-github/webhook.go:178.2,180.36 3 1
github.com/kleio-build/kleio-github/webhook_handlers.go:10.82,12.16 2 1
github.com/kleio-build/kleio-github/webhook_handlers.go:12.16,14.3 1 0
github.com/kleio-build/kleio-github/webhook_handlers.go:16.2,22.16 2 1
github.com/kleio-build/kleio-github/webhook_handlers.go:22.16,24.3 1 1
github.com/kleio-build/kleio-github/webhook_handlers.go:26.2,26.39 1 1
github.com/kleio-build/kleio-github/webhook_handlers.go:26.39,39.17 4 1
github.com/kleio-build/kleio-github/webhook_handlers.go:39.17,41.4 1 0
github.com/kleio-build/kleio-github/webhook_handlers.go:44.2,44.12 1 1
github.com/kleio-build/kleio-github/webhook_handlers.go:48.96,49.88 1 0
github.com/kleio-build/kleio-github/webhook_handlers.go:49.88,51.3 1 0
github.com/kleio-build/kleio-github/webhook_handlers.go:53.2,54.16 2 0
github.com/kleio-build/kleio-github/webhook_handlers.go:54.16,56.3 1 0
github.com/kleio-build/kleio-github/webhook_handlers.go:58.2,64.16 2 0
github.com/kleio-build/kleio-github/webhook_handlers.go:64.16,66.3 1 0
github.com/kleio-build/kleio-github/webhook_handlers.go:68.2,78.4 1 0
github.com/kleio-build/kleio-github/webhook_handlers.go:83.98,84.31 1 0
github.com/kleio-build/kleio-github/webhook_handlers.go:84.31,86.3 1 0
github.com/kleio-build/kleio-github/webhook_handlers.go:88.2,90.16 3 0
github.com/kleio-build/kleio-github/webhook_handlers.go:90.16,93.3 2 0
github.com/kleio-build/kleio-github/webhook_handlers.go:95.2,95.39 1 0
github.com/kleio-build/kleio-github/webhook_handlers.go:95.39,100.3 1 0
github.com/kleio-build/kleio-github/webhook_handlers.go:101.2,101.12 1 0
github.com/kleio-build/kleio-github/webhook_handlers.go:105.108,107.16 2 0
github.com/kleio-build/kleio-github/webhook_handlers.go:107.16,109.3 1 0
github.com/kleio-build/kleio-github/webhook_handlers.go:111.2,111.44 1 0
github.com/kleio-build/kleio-github/webhook_handlers.go:111.44,116.3 1 0
github.com/kleio-build/kleio-github/webhook_handlers.go:117.2,117.12 1 0
github.com/kleio-build/kleio-github/webhook_handlers.go:121.96,122.33 1 0
github.com/kleio-build/kleio-github/webhook_handlers.go:122.33,124.3 1 0
github.com/kleio-build/kleio-github/webhook_handlers.go:125.2,126.16 2 0
github.com/kleio-build/kleio-github/webhook_handlers.go:126.16,128.3 1 0
github.com/kleio-build/kleio-github/webhook_handlers.go:129.2,139.4 1 0
github.com/kleio-build/kleio-github/webhook_handlers.go:143.106,144.31 1 0
github.com/kleio-build/kleio-github/webhook_handlers.go:144.31,146.3 1 0
github.com/kleio-build/kleio-github/webhook_handlers.go:147.2,148.16 2 0
github.com/kleio-build/kleio-github/webhook_handlers.go:148.16,150.3 1 0
github.com/kleio-build/kleio-github/webhook_handlers.go:151.2,159.4 1 0
github.com/kleio-build/kleio-github/webhook_handlers.go:163.94,164.61 1 0
github.com/kleio-build/kleio-github/webhook_handlers.go:164.61,166.3 1 0
github.com/kleio-build/kleio-github/webhook_handlers.go:167.2,168.16 2 0
github.com/kleio-build/kleio-github/webhook_handlers.go:168.16,170.3 1 0
github.com/kleio-build/kleio-github/webhook_handlers.go:171.2,180.4 1 0
github.com/kleio-build/kleio-github/webhook_handlers.go:184.104,185.31 1 0
github.com/kleio-build/kleio-github/webhook_handlers.go:185.31,187.3 1 0
github.com/kleio-build/kleio-github/webhook_handlers.go:188.2,189.16 2 0
github.com/kleio-build/kleio-github/webhook_handlers.go:189.16,191.3 1 0
github.com/kleio-build/kleio-github/webhook_handlers.go:192.2,201.4 1 0
github.com/kleio-build/kleio-github/webhook_handlers.go:205.108,206.31 1 0
github.com/kleio-build/kleio-github/webhook_handlers.go:206.31,208.3 1 0
github.com/kleio-build/kleio-github/webhook_handlers.go:209.2,210.16 2 0
github.com/kleio-build/kleio-github/webhook_handlers.go:210.16,212.3 1 0
github.com/kleio-build/kleio-github/webhook_handlers.go:213.2,222.4 1 0
github.com/kleio-build/kleio-github/webhook_handlers.go:226.108,227.33 1 0
github.com/kleio-build/kleio-github/webhook_handlers.go:227.33,229.3 1 0
github.com/kleio-build/kleio-github/webhook_handlers.go:230.2,231.16 2 0
github.com/kleio-build/kleio-github/webhook_handlers.go:231.16,233.3 1 0
github.com/kleio-build/kleio-github/webhook_handlers.go:234.2,242.4 1 0
github.com/kleio-build/kleio-github/webhook_handlers.go:246.106,247.33 1 0
github.com/kleio-build/kleio-github/webhook_handlers.go:247.33,249.3 1 0
github.com/kleio-build/kleio-github/webhook_handlers.go:251.2,252.12 2 0
github.com/kleio-build/kleio-github/webhook_handlers.go:256.86,257.58 1 0
github.com/kleio-build/kleio-github/webhook_handlers.go:257.58,259.3 1 0
github.com/kleio-build/kleio-github/webhook_handlers.go:260.2,261.16 2 0
github.com/kleio-build/kleio-github/webhook_handlers.go:261.16,263.3 1 0
github.com/kleio-build/kleio-github/webhook_handlers.go:264.2,265.39 2 0
github.com/kleio-build/kleio-github/webhook_handlers.go:265.39,267.3 1 0
github.com/kleio-build/kleio-github/webhook_handlers.go:268.2,278.4 1 0
github.com/kleio-build/kleio-github/webhook_handlers.go:282.94,285.2 2 0
github.com/kleio-build/kleio-github/webhook_handlers.go:288.90,291.2 2 0
github.com/kleio-build/kleio-github/webhook_handlers.go:293.106,294.20 1 1
github.com/kleio-build/kleio-github/webhook_handlers.go:294.20,296.3 1 0
github.com/kleio-build/kleio-github/webhook_handlers.go:297.2,298.16 2 1
github.com/kleio-build/kleio-github/webhook_handlers.go:298.16,300.3 1 1
github.com/kleio-build/kleio-github/webhook_handlers.go:304.2,304.33 1 0
github.com/kleio-build/kleio-github/webhook_handlers.go:304.33,306.21 2 0
github.com/kleio-build/kleio-github/webhook_handlers.go:306.21,309.4 2 0
github.com/kleio-build/kleio-github/webhook_handlers.go:311.2,311.28 1 0
